Start testing: Nov 21 02:20 Caucasus Standard Time
----------------------------------------------------------
Test not available without configuration.  (Missing "-C <config>"?)
1/1 Testing: VersionTest
1/1 Test: VersionTest
Command: "NOT_AVAILABLE"
Directory: C:/Users/root/Desktop/UDEMYCOURSE/projects/project1/build
"VersionTest" start time: 
Output:
----------------------------------------------------------
<end of output>
Test time =   0.00 sec
----------------------------------------------------------
Test Passed.
"VersionTest" end time: Nov 21 02:20 Caucasus Standard Time
"VersionTest" time elapsed: 00:00:00
----------------------------------------------------------

End testing: Nov 21 02:20 Caucasus Standard Time
